C:\Users\91774\Desktop\Marvellous_Infosystem_Code\Assignment\Assignment 11\A\A1.txt
__________________________________________________
C:\Users\91774\Desktop\Marvellous_Infosystem_Code\Assignment\Assignment 11\A\A2 - Copy.txt
__________________________________________________
C:\Users\91774\Desktop\Marvellous_Infosystem_Code\Assignment\Assignment 11\A\A2.txt
__________________________________________________
C:\Users\91774\Desktop\Marvellous_Infosystem_Code\Assignment\Assignment 11\A\B\A2.txt
__________________________________________________
C:\Users\91774\Desktop\Marvellous_Infosystem_Code\Assignment\Assignment 11\A\ChkSumLog.log
__________________________________________________
C:\Users\91774\Desktop\Marvellous_Infosystem_Code\Assignment\Assignment 11\A\B\ChkSumLog.log
__________________________________________________
C:\Users\91774\Desktop\Marvellous_Infosystem_Code\Assignment\Assignment 11\A\first - Copy (2).py
__________________________________________________
C:\Users\91774\Desktop\Marvellous_Infosystem_Code\Assignment\Assignment 11\A\first - Copy - Copy.py
__________________________________________________
C:\Users\91774\Desktop\Marvellous_Infosystem_Code\Assignment\Assignment 11\A\first - Copy.py
__________________________________________________
C:\Users\91774\Desktop\Marvellous_Infosystem_Code\Assignment\Assignment 11\A\first.py
__________________________________________________
C:\Users\91774\Desktop\Marvellous_Infosystem_Code\Assignment\Assignment 11\A\B\first - Copy - Copy.py
__________________________________________________
C:\Users\91774\Desktop\Marvellous_Infosystem_Code\Assignment\Assignment 11\A\B\first - Copy.py
__________________________________________________
C:\Users\91774\Desktop\Marvellous_Infosystem_Code\Assignment\Assignment 11\A\B\first.py
__________________________________________________
